Unity Editor version:    2021.3.16f1 (4016570cf34f)
Branch:                  2021.3/staging
Build type:              Release
Batch mode:              YES
macOS version:           Version 12.5.1 (Build 21G83)
Darwin version:          21.6.0
Architecture:            x86_64
Running under Rosetta:   NO
Available memory:        16384 MB
Using pre-set license
Pro License: YES

COMMAND LINE ARGUMENTS:
/Applications/Unity/Unity.app/Contents/MacOS/Unity
-adb2
-batchMode
-noUpm
-name
AssetImportWorker2
-projectPath
/Users/shermvn/Documents/GitHub/MittMatt/VFXGraphDemo
-logFile
Logs/AssetImportWorker2.log
-srvPort
50435
Successfully changed project path to: /Users/shermvn/Documents/GitHub/MittMatt/VFXGraphDemo
/Users/shermvn/Documents/GitHub/MittMatt/VFXGraphDemo
[UnityMemory] Configuration Parameters - Can be set up in boot.config
    "memorysetup-bucket-allocator-granularity=16"
    "memorysetup-bucket-allocator-bucket-count=8"
    "memorysetup-bucket-allocator-block-size=33554432"
    "memorysetup-bucket-allocator-block-count=8"
    "memorysetup-main-allocator-block-size=16777216"
    "memorysetup-thread-allocator-block-size=16777216"
    "memorysetup-gfx-main-allocator-block-size=16777216"
    "memorysetup-gfx-thread-allocator-block-size=16777216"
    "memorysetup-cache-allocator-block-size=4194304"
    "memorysetup-typetree-allocator-block-size=2097152"
    "memorysetup-profiler-bucket-allocator-granularity=16"
    "memorysetup-profiler-bucket-allocator-bucket-count=8"
    "memorysetup-profiler-bucket-allocator-block-size=33554432"
    "memorysetup-profiler-bucket-allocator-block-count=8"
    "memorysetup-profiler-allocator-block-size=16777216"
    "memorysetup-profiler-editor-allocator-block-size=1048576"
    "memorysetup-temp-allocator-size-main=16777216"
    "memorysetup-job-temp-allocator-block-size=2097152"
    "memorysetup-job-temp-allocator-block-size-background=1048576"
    "memorysetup-job-temp-allocator-reduction-small-platforms=262144"
    "memorysetup-temp-allocator-size-background-worker=32768"
    "memorysetup-temp-allocator-size-job-worker=262144"
    "memorysetup-temp-allocator-size-preload-manager=33554432"
    "memorysetup-temp-allocator-size-nav-mesh-worker=65536"
    "memorysetup-temp-allocator-size-audio-worker=65536"
    "memorysetup-temp-allocator-size-cloud-worker=32768"
    "memorysetup-temp-allocator-size-gi-baking-worker=262144"
    "memorysetup-temp-allocator-size-gfx=262144"
Player connection [4732253696] Host "[IP] 10.0.0.120 [Port] 0 [Flags] 2 [Guid] 2642283469 [EditorId] 2642283469 [Version] 1048832 [Id] OSXEditor(0,Ziaires-MacBook-Pro.local) [Debug] 1 [PackageName] OSXEditor [ProjectName] Editor" joined multi-casting on [225.0.0.222:54997]...

Player connection [4732253696] Host "[IP] 10.0.0.120 [Port] 0 [Flags] 2 [Guid] 2642283469 [EditorId] 2642283469 [Version] 1048832 [Id] OSXEditor(0,Ziaires-MacBook-Pro.local) [Debug] 1 [PackageName] OSXEditor [ProjectName] Editor" joined alternative multi-casting on [225.0.0.222:34997]...

Refreshing native plugins compatible for Editor in 243.04 ms, found 2 plugins.
Preloading 0 native plugins for Editor in 0.00 ms.
Initialize engine version: 2021.3.16f1 (4016570cf34f)
[Subsystems] Discovering subsystems at path /Applications/Unity/Unity.app/Contents/Resources/UnitySubsystems
[Subsystems] Discovering subsystems at path /Users/shermvn/Documents/GitHub/MittMatt/VFXGraphDemo/Assets
GfxDevice: creating device client; threaded=0; jobified=0
Color LCD preferred device: AMD Radeon Pro 560X (high power)
Metal devices available: 2
0: AMD Radeon Pro 560X (high power)
1: Intel(R) UHD Graphics 630 (low power)
Using device AMD Radeon Pro 560X (high power)
Initializing Metal device caps: AMD Radeon Pro 560X
Initialize mono
Mono path[0] = '/Applications/Unity/Unity.app/Contents/Managed'
Mono path[1] = '/Applications/Unity/Unity.app/Contents/MonoBleedingEdge/lib/mono/unityjit-macos'
Mono config path = '/Applications/Unity/Unity.app/Contents/MonoBleedingEdge/etc'
Using monoOptions --debugger-agent=transport=dt_socket,embedding=1,server=y,suspend=n,address=127.0.0.1:56525
Begin MonoManager ReloadAssembly
Registering precompiled unity dll's ...
Register platform support module: /Applications/Unity/PlaybackEngines/WebGLSupport/UnityEditor.WebGL.Extensions.dll
Register platform support module: /Applications/Unity/Unity.app/Contents/PlaybackEngines/MacStandaloneSupport/UnityEditor.OSXStandalone.Extensions.dll
Register platform support module: /Applications/Unity/PlaybackEngines/AndroidPlayer/UnityEditor.Android.Extensions.dll
Register platform support module: /Applications/Unity/PlaybackEngines/iOSSupport/UnityEditor.iOS.Extensions.dll
Registered in 0.002751 seconds.
[usbmuxd] Start listen thread
[usbmuxd] Listen thread started
[usbmuxd] Send listen message
Native extension for iOS target not found
Native extension for Android target not found
Native extension for OSXStandalone target not found
Native extension for WebGL target not found
Refreshing native plugins compatible for Editor in 186.25 ms, found 2 plugins.
Preloading 0 native plugins for Editor in 0.00 ms.
Mono: successfully reloaded assembly
- Completed reload, in  1.227 seconds
Domain Reload Profiling:
	ReloadAssembly (1228ms)
		BeginReloadAssembly (141ms)
			ExecutionOrderSort (0ms)
			DisableScriptedObjects (0ms)
			BackupInstance (0ms)
			ReleaseScriptingObjects (0ms)
			CreateAndSetChildDomain (1ms)
		EndReloadAssembly (900ms)
			LoadAssemblies (145ms)
			RebuildTransferFunctionScriptingTraits (0ms)
			SetupTypeCache (207ms)
			ReleaseScriptCaches (0ms)
			RebuildScriptCaches (50ms)
			SetupLoadedEditorAssemblies (566ms)
				LogAssemblyErrors (0ms)
				InitializePlatformSupportModulesInManaged (111ms)
				SetLoadedEditorAssemblies (0ms)
				RefreshPlugins (186ms)
				BeforeProcessingInitializeOnLoad (2ms)
				ProcessInitializeOnLoadAttributes (192ms)
				ProcessInitializeOnLoadMethodAttributes (75ms)
				AfterProcessingInitializeOnLoad (0ms)
				EditorAssembliesLoaded (0ms)
			ExecutionOrderSort2 (0ms)
			AwakeInstancesAfterBackupRestoration (0ms)
Platform modules already initialized, skipping
Registering precompiled user dll's ...
Registered in 0.006743 seconds.
Begin MonoManager ReloadAssembly
Symbol file LoadedFromMemory doesn't match image /Users/shermvn/Documents/GitHub/MittMatt/VFXGraphDemo/Library/PackageCache/com.unity.visualscripting@1.7.8/Editor/VisualScripting.Core/Dependencies/YamlDotNet/Unity.VisualScripting.YamlDotNet.dll
Symbol file LoadedFromMemory doesn't match image /Users/shermvn/Documents/GitHub/MittMatt/VFXGraphDemo/Library/PackageCache/com.unity.visualscripting@1.7.8/Editor/VisualScripting.Core/Dependencies/DotNetZip/Unity.VisualScripting.IonicZip.dll
Native extension for iOS target not found
Native extension for Android target not found
Native extension for OSXStandalone target not found
Native extension for WebGL target not found
Refreshing native plugins compatible for Editor in 372.15 ms, found 2 plugins.
Preloading 0 native plugins for Editor in 0.00 ms.
Mono: successfully reloaded assembly
- Completed reload, in  4.552 seconds
Domain Reload Profiling:
	ReloadAssembly (4553ms)
		BeginReloadAssembly (233ms)
			ExecutionOrderSort (0ms)
			DisableScriptedObjects (15ms)
			BackupInstance (0ms)
			ReleaseScriptingObjects (0ms)
			CreateAndSetChildDomain (63ms)
		EndReloadAssembly (4047ms)
			LoadAssemblies (257ms)
			RebuildTransferFunctionScriptingTraits (0ms)
			SetupTypeCache (1017ms)
			ReleaseScriptCaches (1ms)
			RebuildScriptCaches (279ms)
			SetupLoadedEditorAssemblies (2330ms)
				LogAssemblyErrors (0ms)
				InitializePlatformSupportModulesInManaged (54ms)
				SetLoadedEditorAssemblies (1ms)
				RefreshPlugins (372ms)
				BeforeProcessingInitializeOnLoad (345ms)
				ProcessInitializeOnLoadAttributes (863ms)
				ProcessInitializeOnLoadMethodAttributes (691ms)
				AfterProcessingInitializeOnLoad (2ms)
				EditorAssembliesLoaded (1ms)
			ExecutionOrderSort2 (0ms)
			AwakeInstancesAfterBackupRestoration (10ms)
Platform modules already initialized, skipping
========================================================================
Worker process is ready to serve import requests
database is locked
database is locked
Launching external process: /Applications/Unity/Unity.app/Contents/Tools/UnityShaderCompiler
Launched and connected shader compiler UnityShaderCompiler after 0.19 seconds
Refreshing native plugins compatible for Editor in 1.89 ms, found 2 plugins.
Preloading 0 native plugins for Editor in 0.00 ms.
Unloading 6244 Unused Serialized files (Serialized files now loaded: 0)
Unloading 57 unused Assets / (1.6 MB). Loaded Objects now: 6696.
Memory consumption went from 280.9 MB to 279.3 MB.
Total: 11.341946 ms (FindLiveObjects: 0.943526 ms CreateObjectMapping: 1.130221 ms MarkObjects: 7.965159 ms  DeleteObjects: 1.301157 ms)

AssetImportParameters requested are different than current active one (requested -> active):
  custom:video-decoder-ogg-theora: a1e56fd34408186e4bbccfd4996cb3dc -> 
  custom:container-muxer-webm: aa71ff27fc2769a1b78a27578f13a17b -> 
  custom:container-demuxer-webm: 4f35f7cbe854078d1ac9338744f61a02 -> 
  custom:video-encoder-webm-vp8: eb34c28f22e8b96e1ab97ce403110664 -> 
  custom:framework-osx-AVFoundation: e770b220cccbd017edd2c1fefb359320 -> 
  custom:audio-encoder-webm-vorbis: bf7c407c2cedff20999df2af8eb42d56 -> 
  custom:container-demuxer-ogg: 62fdf1f143b41e24485cea50d1cbac27 -> 
  custom:video-decoder-webm-vp8: 9c59270c3fd7afecdb556c50c9e8de78 -> 
  custom:audio-decoder-ogg-vorbis: bf7c407c2cedff20999df2af8eb42d56 -> 
========================================================================
Received Import Request.
  Time since last request: 20390.807070 seconds.
  path: Assets/Samples/High Definition RP/12.1.8/Particle System Shader Samples/Materials/UnlitFlipbookCameraFading.mat
  artifactKey: Guid(65d4d6314ac9e71418ad88095176b162) Importer(815301076,1909f56bfc062723c751e8b465ee728b)
Start importing Assets/Samples/High Definition RP/12.1.8/Particle System Shader Samples/Materials/UnlitFlipbookCameraFading.mat using Guid(65d4d6314ac9e71418ad88095176b162) Importer(815301076,1909f56bfc062723c751e8b465ee728b)  -> (artifact id: 'ed891e8c0d70ffd4198fb7381f9d82bd') in 7.623925 seconds 
========================================================================
Received Import Request.
  Time since last request: 0.000208 seconds.
  path: Assets/Samples/High Definition RP/12.1.8/Particle System Shader Samples/Materials/UnlitDistortion.mat
  artifactKey: Guid(ea662ecdda147bc42ba22ba921a37f4c) Importer(815301076,1909f56bfc062723c751e8b465ee728b)
Start importing Assets/Samples/High Definition RP/12.1.8/Particle System Shader Samples/Materials/UnlitDistortion.mat using Guid(ea662ecdda147bc42ba22ba921a37f4c) Importer(815301076,1909f56bfc062723c751e8b465ee728b)  -> (artifact id: 'b328c84b8d864e93efc3439ccf0df217') in 3.762182 seconds 
========================================================================
Received Import Request.
  Time since last request: 0.000365 seconds.
  path: Assets/Samples/High Definition RP/12.1.8/Particle System Shader Samples/Materials/LitSoft.mat
  artifactKey: Guid(a40a9247d1320754c9323ce3e27593c7) Importer(815301076,1909f56bfc062723c751e8b465ee728b)
Start importing Assets/Samples/High Definition RP/12.1.8/Particle System Shader Samples/Materials/LitSoft.mat using Guid(a40a9247d1320754c9323ce3e27593c7) Importer(815301076,1909f56bfc062723c751e8b465ee728b)  -> (artifact id: '3798b97b8826dda44a40d737d822dcff') in 35.756658 seconds 
========================================================================
Received Import Request.
  Time since last request: 96.252933 seconds.
  path: Assets/DemoAssets/Test2.prefab
  artifactKey: Guid(4dfa081916a10464b8688e62343ac544) Importer(815301076,1909f56bfc062723c751e8b465ee728b)
Start importing Assets/DemoAssets/Test2.prefab using Guid(4dfa081916a10464b8688e62343ac544) Importer(815301076,1909f56bfc062723c751e8b465ee728b)  -> (artifact id: 'a290f52045cbd1fe1d1292d94781c630') in 0.263724 seconds 
========================================================================
Received Import Request.
  Time since last request: 71.423173 seconds.
  path: Assets/DemoAssets/WORKS.prefab
  artifactKey: Guid(93bfc98abc16b4cd9b7c9fc3a7e1ee24) Importer(815301076,1909f56bfc062723c751e8b465ee728b)
Start importing Assets/DemoAssets/WORKS.prefab using Guid(93bfc98abc16b4cd9b7c9fc3a7e1ee24) Importer(815301076,1909f56bfc062723c751e8b465ee728b)  -> (artifact id: '1e943690b9df35a9208250e3fc571d95') in 0.007971 seconds 
========================================================================
Received Import Request.
  Time since last request: 1.536176 seconds.
  path: Assets/DemoAssets/WORKS.prefab
  artifactKey: Guid(93bfc98abc16b4cd9b7c9fc3a7e1ee24) Importer(815301076,1909f56bfc062723c751e8b465ee728b)
Start importing Assets/DemoAssets/WORKS.prefab using Guid(93bfc98abc16b4cd9b7c9fc3a7e1ee24) Importer(815301076,1909f56bfc062723c751e8b465ee728b)  -> (artifact id: '59877c723aea3d6558aec542c0f08b40') in 0.006757 seconds 
========================================================================
Received Import Request.
  Time since last request: 2.692634 seconds.
  path: Assets/DemoAssets/WORKS.prefab
  artifactKey: Guid(93bfc98abc16b4cd9b7c9fc3a7e1ee24) Importer(815301076,1909f56bfc062723c751e8b465ee728b)
Start importing Assets/DemoAssets/WORKS.prefab using Guid(93bfc98abc16b4cd9b7c9fc3a7e1ee24) Importer(815301076,1909f56bfc062723c751e8b465ee728b)  -> (artifact id: 'fa5250b36c9a6c38aaa2ff1516fce88f') in 0.011295 seconds 
========================================================================
Received Import Request.
  Time since last request: 6.499558 seconds.
  path: Assets/DemoAssets/WORKS.prefab
  artifactKey: Guid(93bfc98abc16b4cd9b7c9fc3a7e1ee24) Importer(815301076,1909f56bfc062723c751e8b465ee728b)
Start importing Assets/DemoAssets/WORKS.prefab using Guid(93bfc98abc16b4cd9b7c9fc3a7e1ee24) Importer(815301076,1909f56bfc062723c751e8b465ee728b)  -> (artifact id: 'd3b5018b666e5b953b51fa8c246bcd97') in 0.007903 seconds 
========================================================================
Received Import Request.
  Time since last request: 3.320958 seconds.
  path: Assets/DemoAssets/WORKS.prefab
  artifactKey: Guid(93bfc98abc16b4cd9b7c9fc3a7e1ee24) Importer(815301076,1909f56bfc062723c751e8b465ee728b)
Start importing Assets/DemoAssets/WORKS.prefab using Guid(93bfc98abc16b4cd9b7c9fc3a7e1ee24) Importer(815301076,1909f56bfc062723c751e8b465ee728b)  -> (artifact id: 'a78e464d33afda3ab3f67f52d34bdad4') in 0.007228 seconds 
========================================================================
Received Prepare
Registering precompiled user dll's ...
Registered in 0.007102 seconds.
Begin MonoManager ReloadAssembly
Symbol file LoadedFromMemory doesn't match image /Users/shermvn/Documents/GitHub/MittMatt/VFXGraphDemo/Library/PackageCache/com.unity.visualscripting@1.7.8/Editor/VisualScripting.Core/Dependencies/YamlDotNet/Unity.VisualScripting.YamlDotNet.dll
Symbol file LoadedFromMemory doesn't match image /Users/shermvn/Documents/GitHub/MittMatt/VFXGraphDemo/Library/PackageCache/com.unity.visualscripting@1.7.8/Editor/VisualScripting.Core/Dependencies/DotNetZip/Unity.VisualScripting.IonicZip.dll
Native extension for iOS target not found
Native extension for Android target not found
Native extension for OSXStandalone target not found
Native extension for WebGL target not found
Refreshing native plugins compatible for Editor in 3.08 ms, found 2 plugins.
Preloading 0 native plugins for Editor in 0.00 ms.
Mono: successfully reloaded assembly
- Completed reload, in  5.607 seconds
Domain Reload Profiling:
	ReloadAssembly (5609ms)
		BeginReloadAssembly (767ms)
			ExecutionOrderSort (0ms)
			DisableScriptedObjects (103ms)
			BackupInstance (0ms)
			ReleaseScriptingObjects (1ms)
			CreateAndSetChildDomain (335ms)
		EndReloadAssembly (4483ms)
			LoadAssemblies (363ms)
			RebuildTransferFunctionScriptingTraits (0ms)
			SetupTypeCache (1576ms)
			ReleaseScriptCaches (7ms)
			RebuildScriptCaches (280ms)
			SetupLoadedEditorAssemblies (1676ms)
				LogAssemblyErrors (0ms)
				InitializePlatformSupportModulesInManaged (106ms)
				SetLoadedEditorAssemblies (2ms)
				RefreshPlugins (3ms)
				BeforeProcessingInitializeOnLoad (325ms)
				ProcessInitializeOnLoadAttributes (1123ms)
				ProcessInitializeOnLoadMethodAttributes (113ms)
				AfterProcessingInitializeOnLoad (3ms)
				EditorAssembliesLoaded (1ms)
			ExecutionOrderSort2 (0ms)
			AwakeInstancesAfterBackupRestoration (152ms)
Platform modules already initialized, skipping
Refreshing native plugins compatible for Editor in 5.91 ms, found 2 plugins.
Preloading 0 native plugins for Editor in 0.00 ms.
Unloading 5934 Unused Serialized files (Serialized files now loaded: 0)
Unloading 52 unused Assets / (1.6 MB). Loaded Objects now: 6851.
Memory consumption went from 283.1 MB to 281.4 MB.
Total: 14.675375 ms (FindLiveObjects: 1.339578 ms CreateObjectMapping: 1.691963 ms MarkObjects: 10.617005 ms  DeleteObjects: 1.025122 ms)

AssetImportParameters requested are different than current active one (requested -> active):
  custom:video-decoder-ogg-theora: a1e56fd34408186e4bbccfd4996cb3dc -> 
  custom:container-muxer-webm: aa71ff27fc2769a1b78a27578f13a17b -> 
  custom:container-demuxer-webm: 4f35f7cbe854078d1ac9338744f61a02 -> 
  custom:video-encoder-webm-vp8: eb34c28f22e8b96e1ab97ce403110664 -> 
  custom:framework-osx-AVFoundation: e770b220cccbd017edd2c1fefb359320 -> 
  custom:audio-encoder-webm-vorbis: bf7c407c2cedff20999df2af8eb42d56 -> 
  custom:container-demuxer-ogg: 62fdf1f143b41e24485cea50d1cbac27 -> 
  custom:video-decoder-webm-vp8: 9c59270c3fd7afecdb556c50c9e8de78 -> 
  custom:audio-decoder-ogg-vorbis: bf7c407c2cedff20999df2af8eb42d56 -> 
========================================================================
Received Import Request.
  Time since last request: 1617.970471 seconds.
  path: Assets/DemoAssets/WORKS.prefab
  artifactKey: Guid(93bfc98abc16b4cd9b7c9fc3a7e1ee24) Importer(815301076,1909f56bfc062723c751e8b465ee728b)
Start importing Assets/DemoAssets/WORKS.prefab using Guid(93bfc98abc16b4cd9b7c9fc3a7e1ee24) Importer(815301076,1909f56bfc062723c751e8b465ee728b)  -> (artifact id: '9d55fbe4304da032231cd55f2b32f002') in 0.158851 seconds 
========================================================================
Received Import Request.
  Time since last request: 145.417432 seconds.
  path: Assets/DemoAssets/vfxgraph_fire2.vfx
  artifactKey: Guid(9aeda5d58555b45409c9cf532389201b) Importer(815301076,1909f56bfc062723c751e8b465ee728b)
Start importing Assets/DemoAssets/vfxgraph_fire2.vfx using Guid(9aeda5d58555b45409c9cf532389201b) Importer(815301076,1909f56bfc062723c751e8b465ee728b) Metal: Vertex or Fragment Shader "Hidden/VFX/vfxgraph_fire2/System (1)/smoke" requires a ComputeBuffer at index 4 to be bound, but none provided. Skipping draw calls to avoid crashing.
UnityEngine.StackTraceUtility:ExtractStackTrace () (at /Users/bokken/build/output/unity/unity/Runtime/Export/Scripting/StackTrace.cs:37)
UnityEngine.Rendering.ScriptableRenderContext:Submit_Internal ()
UnityEngine.Rendering.ScriptableRenderContext:Submit () (at /Users/bokken/build/output/unity/unity/Runtime/Export/RenderPipeline/ScriptableRenderContext.cs:110)
UnityEngine.Rendering.HighDefinition.HDRenderPipeline:Render (UnityEngine.Rendering.ScriptableRenderContext,System.Collections.Generic.List`1<UnityEngine.Camera>) (at Library/PackageCache/com.unity.render-pipelines.high-definition@12.1.8/Runtime/RenderPipeline/HDRenderPipeline.cs:1945)
UnityEngine.Rendering.RenderPipeline:InternalRender (UnityEngine.Rendering.ScriptableRenderContext,System.Collections.Generic.List`1<UnityEngine.Camera>) (at /Users/bokken/build/output/unity/unity/Runtime/Export/RenderPipeline/RenderPipeline.cs:51)
UnityEngine.Rendering.RenderPipelineManager:DoRenderLoop_Internal (UnityEngine.Rendering.RenderPipelineAsset,intptr,System.Collections.Generic.List`1<UnityEngine.Camera/RenderRequest>,Unity.Collections.LowLevel.Unsafe.AtomicSafetyHandle) (at /Users/bokken/build/output/unity/unity/Runtime/Export/RenderPipeline/RenderPipelineManager.cs:115)
UnityEditor.PreviewRenderUtility:Render (bool,bool) (at /Users/bokken/build/output/unity/unity/Editor/Mono/Inspector/PreviewRenderUtility.cs:534)
UnityEditor.MaterialEditor:DoRenderPreview (UnityEditor.PreviewRenderUtility,bool) (at /Users/bokken/build/output/unity/unity/Editor/Mono/Inspector/MaterialEditor.cs:2261)
UnityEditor.MaterialEditor:RenderStaticPreview (string,UnityEngine.Object[],int,int) (at /Users/bokken/build/output/unity/unity/Editor/Mono/Inspector/MaterialEditor.cs:2123)
UnityEditor.AssetPreviewUpdater:CreatePreview (UnityEngine.Object,UnityEngine.Object[],string,int,int) (at /Users/bokken/build/output/unity/unity/Editor/Mono/AssetPreviewUpdater.cs:38)
UnityEditor.AssetPreviewUpdater:CreatePreviewForAsset (UnityEngine.Object,UnityEngine.Object[],string) (at /Users/bokken/build/output/unity/unity/Editor/Mono/AssetPreviewUpdater.cs:9)

[/Users/bokken/build/output/unity/unity/Runtime/Export/Scripting/StackTrace.cs line 37]

Metal: Vertex or Fragment Shader "Hidden/VFX/vfxgraph_fire2/System (2)/Output Particle Quad" requires a ComputeBuffer at index 4 to be bound, but none provided. Skipping draw calls to avoid crashing.
UnityEngine.StackTraceUtility:ExtractStackTrace () (at /Users/bokken/build/output/unity/unity/Runtime/Export/Scripting/StackTrace.cs:37)
UnityEngine.Rendering.ScriptableRenderContext:Submit_Internal ()
UnityEngine.Rendering.ScriptableRenderContext:Submit () (at /Users/bokken/build/output/unity/unity/Runtime/Export/RenderPipeline/ScriptableRenderContext.cs:110)
UnityEngine.Rendering.HighDefinition.HDRenderPipeline:Render (UnityEngine.Rendering.ScriptableRenderContext,System.Collections.Generic.List`1<UnityEngine.Camera>) (at Library/PackageCache/com.unity.render-pipelines.high-definition@12.1.8/Runtime/RenderPipeline/HDRenderPipeline.cs:1945)
UnityEngine.Rendering.RenderPipeline:InternalRender (UnityEngine.Rendering.ScriptableRenderContext,System.Collections.Generic.List`1<UnityEngine.Camera>) (at /Users/bokken/build/output/unity/unity/Runtime/Export/RenderPipeline/RenderPipeline.cs:51)
UnityEngine.Rendering.RenderPipelineManager:DoRenderLoop_Internal (UnityEngine.Rendering.RenderPipelineAsset,intptr,System.Collections.Generic.List`1<UnityEngine.Camera/RenderRequest>,Unity.Collections.LowLevel.Unsafe.AtomicSafetyHandle) (at /Users/bokken/build/output/unity/unity/Runtime/Export/RenderPipeline/RenderPipelineManager.cs:115)
UnityEditor.PreviewRenderUtility:Render (bool,bool) (at /Users/bokken/build/output/unity/unity/Editor/Mono/Inspector/PreviewRenderUtility.cs:534)
UnityEditor.MaterialEditor:DoRenderPreview (UnityEditor.PreviewRenderUtility,bool) (at /Users/bokken/build/output/unity/unity/Editor/Mono/Inspector/MaterialEditor.cs:2261)
UnityEditor.MaterialEditor:RenderStaticPreview (string,UnityEngine.Object[],int,int) (at /Users/bokken/build/output/unity/unity/Editor/Mono/Inspector/MaterialEditor.cs:2123)
UnityEditor.AssetPreviewUpdater:CreatePreview (UnityEngine.Object,UnityEngine.Object[],string,int,int) (at /Users/bokken/build/output/unity/unity/Editor/Mono/AssetPreviewUpdater.cs:38)
UnityEditor.AssetPreviewUpdater:CreatePreviewForAsset (UnityEngine.Object,UnityEngine.Object[],string) (at /Users/bokken/build/output/unity/unity/Editor/Mono/AssetPreviewUpdater.cs:9)

[/Users/bokken/build/output/unity/unity/Runtime/Export/Scripting/StackTrace.cs line 37]

Metal: Vertex or Fragment Shader "Hidden/VFX/vfxgraph_fire2/System/Output Particle Quad" requires a ComputeBuffer at index 4 to be bound, but none provided. Skipping draw calls to avoid crashing.
UnityEngine.StackTraceUtility:ExtractStackTrace () (at /Users/bokken/build/output/unity/unity/Runtime/Export/Scripting/StackTrace.cs:37)
UnityEngine.Rendering.ScriptableRenderContext:Submit_Internal ()
UnityEngine.Rendering.ScriptableRenderContext:Submit () (at /Users/bokken/build/output/unity/unity/Runtime/Export/RenderPipeline/ScriptableRenderContext.cs:110)
UnityEngine.Rendering.HighDefinition.HDRenderPipeline:Render (UnityEngine.Rendering.ScriptableRenderContext,System.Collections.Generic.List`1<UnityEngine.Camera>) (at Library/PackageCache/com.unity.render-pipelines.high-definition@12.1.8/Runtime/RenderPipeline/HDRenderPipeline.cs:1945)
UnityEngine.Rendering.RenderPipeline:InternalRender (UnityEngine.Rendering.ScriptableRenderContext,System.Collections.Generic.List`1<UnityEngine.Camera>) (at /Users/bokken/build/output/unity/unity/Runtime/Export/RenderPipeline/RenderPipeline.cs:51)
UnityEngine.Rendering.RenderPipelineManager:DoRenderLoop_Internal (UnityEngine.Rendering.RenderPipelineAsset,intptr,System.Collections.Generic.List`1<UnityEngine.Camera/RenderRequest>,Unity.Collections.LowLevel.Unsafe.AtomicSafetyHandle) (at /Users/bokken/build/output/unity/unity/Runtime/Export/RenderPipeline/RenderPipelineManager.cs:115)
UnityEditor.PreviewRenderUtility:Render (bool,bool) (at /Users/bokken/build/output/unity/unity/Editor/Mono/Inspector/PreviewRenderUtility.cs:534)
UnityEditor.MaterialEditor:DoRenderPreview (UnityEditor.PreviewRenderUtility,bool) (at /Users/bokken/build/output/unity/unity/Editor/Mono/Inspector/MaterialEditor.cs:2261)
UnityEditor.MaterialEditor:RenderStaticPreview (string,UnityEngine.Object[],int,int) (at /Users/bokken/build/output/unity/unity/Editor/Mono/Inspector/MaterialEditor.cs:2123)
UnityEditor.AssetPreviewUpdater:CreatePreview (UnityEngine.Object,UnityEngine.Object[],string,int,int) (at /Users/bokken/build/output/unity/unity/Editor/Mono/AssetPreviewUpdater.cs:38)
UnityEditor.AssetPreviewUpdater:CreatePreviewForAsset (UnityEngine.Object,UnityEngine.Object[],string) (at /Users/bokken/build/output/unity/unity/Editor/Mono/AssetPreviewUpdater.cs:9)

[/Users/bokken/build/output/unity/unity/Runtime/Export/Scripting/StackTrace.cs line 37]

 -> (artifact id: '8fe38d1259c8920157ae164aa3b2abe2') in 2.013873 seconds 
========================================================================
Received Import Request.
  Time since last request: 139.587464 seconds.
  path: Assets/DemoAssets/vfxgraph_fire2.vfx
  artifactKey: Guid(9aeda5d58555b45409c9cf532389201b) Importer(815301076,1909f56bfc062723c751e8b465ee728b)
Start importing Assets/DemoAssets/vfxgraph_fire2.vfx using Guid(9aeda5d58555b45409c9cf532389201b) Importer(815301076,1909f56bfc062723c751e8b465ee728b)  -> (artifact id: '20b1318144b86bfef87b6319035d404c') in 0.099304 seconds 
========================================================================
Received Import Request.
  Time since last request: 2.327264 seconds.
  path: Assets/DemoAssets/vfxgraph_fire2.vfx
  artifactKey: Guid(9aeda5d58555b45409c9cf532389201b) Importer(815301076,1909f56bfc062723c751e8b465ee728b)
Start importing Assets/DemoAssets/vfxgraph_fire2.vfx using Guid(9aeda5d58555b45409c9cf532389201b) Importer(815301076,1909f56bfc062723c751e8b465ee728b)  -> (artifact id: '1c385e13e25ea6f0dca6395358a75aba') in 0.109486 seconds 
========================================================================
Received Import Request.
  Time since last request: 47.807883 seconds.
  path: Assets/DemoAssets/vfxgraph_fire2 1.vfx
  artifactKey: Guid(6e9c4f7ee1f194833a078db7fbbac8d4) Importer(815301076,1909f56bfc062723c751e8b465ee728b)
Start importing Assets/DemoAssets/vfxgraph_fire2 1.vfx using Guid(6e9c4f7ee1f194833a078db7fbbac8d4) Importer(815301076,1909f56bfc062723c751e8b465ee728b) Metal: Vertex or Fragment Shader "Hidden/VFX/vfxgraph_fire2 1/System (1)/smoke" requires a ComputeBuffer at index 4 to be bound, but none provided. Skipping draw calls to avoid crashing.
UnityEngine.StackTraceUtility:ExtractStackTrace () (at /Users/bokken/build/output/unity/unity/Runtime/Export/Scripting/StackTrace.cs:37)
UnityEngine.Rendering.ScriptableRenderContext:Submit_Internal ()
UnityEngine.Rendering.ScriptableRenderContext:Submit () (at /Users/bokken/build/output/unity/unity/Runtime/Export/RenderPipeline/ScriptableRenderContext.cs:110)
UnityEngine.Rendering.HighDefinition.HDRenderPipeline:Render (UnityEngine.Rendering.ScriptableRenderContext,System.Collections.Generic.List`1<UnityEngine.Camera>) (at Library/PackageCache/com.unity.render-pipelines.high-definition@12.1.8/Runtime/RenderPipeline/HDRenderPipeline.cs:1945)
UnityEngine.Rendering.RenderPipeline:InternalRender (UnityEngine.Rendering.ScriptableRenderContext,System.Collections.Generic.List`1<UnityEngine.Camera>) (at /Users/bokken/build/output/unity/unity/Runtime/Export/RenderPipeline/RenderPipeline.cs:51)
UnityEngine.Rendering.RenderPipelineManager:DoRenderLoop_Internal (UnityEngine.Rendering.RenderPipelineAsset,intptr,System.Collections.Generic.List`1<UnityEngine.Camera/RenderRequest>,Unity.Collections.LowLevel.Unsafe.AtomicSafetyHandle) (at /Users/bokken/build/output/unity/unity/Runtime/Export/RenderPipeline/RenderPipelineManager.cs:115)
UnityEditor.PreviewRenderUtility:Render (bool,bool) (at /Users/bokken/build/output/unity/unity/Editor/Mono/Inspector/PreviewRenderUtility.cs:534)
UnityEditor.MaterialEditor:DoRenderPreview (UnityEditor.PreviewRenderUtility,bool) (at /Users/bokken/build/output/unity/unity/Editor/Mono/Inspector/MaterialEditor.cs:2261)
UnityEditor.MaterialEditor:RenderStaticPreview (string,UnityEngine.Object[],int,int) (at /Users/bokken/build/output/unity/unity/Editor/Mono/Inspector/MaterialEditor.cs:2123)
UnityEditor.AssetPreviewUpdater:CreatePreview (UnityEngine.Object,UnityEngine.Object[],string,int,int) (at /Users/bokken/build/output/unity/unity/Editor/Mono/AssetPreviewUpdater.cs:38)
UnityEditor.AssetPreviewUpdater:CreatePreviewForAsset (UnityEngine.Object,UnityEngine.Object[],string) (at /Users/bokken/build/output/unity/unity/Editor/Mono/AssetPreviewUpdater.cs:9)

[/Users/bokken/build/output/unity/unity/Runtime/Export/Scripting/StackTrace.cs line 37]

Metal: Vertex or Fragment Shader "Hidden/VFX/vfxgraph_fire2 1/System (2)/Output Particle Quad" requires a ComputeBuffer at index 4 to be bound, but none provided. Skipping draw calls to avoid crashing.
UnityEngine.StackTraceUtility:ExtractStackTrace () (at /Users/bokken/build/output/unity/unity/Runtime/Export/Scripting/StackTrace.cs:37)
UnityEngine.Rendering.ScriptableRenderContext:Submit_Internal ()
UnityEngine.Rendering.ScriptableRenderContext:Submit () (at /Users/bokken/build/output/unity/unity/Runtime/Export/RenderPipeline/ScriptableRenderContext.cs:110)
UnityEngine.Rendering.HighDefinition.HDRenderPipeline:Render (UnityEngine.Rendering.ScriptableRenderContext,System.Collections.Generic.List`1<UnityEngine.Camera>) (at Library/PackageCache/com.unity.render-pipelines.high-definition@12.1.8/Runtime/RenderPipeline/HDRenderPipeline.cs:1945)
UnityEngine.Rendering.RenderPipeline:InternalRender (UnityEngine.Rendering.ScriptableRenderContext,System.Collections.Generic.List`1<UnityEngine.Camera>) (at /Users/bokken/build/output/unity/unity/Runtime/Export/RenderPipeline/RenderPipeline.cs:51)
UnityEngine.Rendering.RenderPipelineManager:DoRenderLoop_Internal (UnityEngine.Rendering.RenderPipelineAsset,intptr,System.Collections.Generic.List`1<UnityEngine.Camera/RenderRequest>,Unity.Collections.LowLevel.Unsafe.AtomicSafetyHandle) (at /Users/bokken/build/output/unity/unity/Runtime/Export/RenderPipeline/RenderPipelineManager.cs:115)
UnityEditor.PreviewRenderUtility:Render (bool,bool) (at /Users/bokken/build/output/unity/unity/Editor/Mono/Inspector/PreviewRenderUtility.cs:534)
UnityEditor.MaterialEditor:DoRenderPreview (UnityEditor.PreviewRenderUtility,bool) (at /Users/bokken/build/output/unity/unity/Editor/Mono/Inspector/MaterialEditor.cs:2261)
UnityEditor.MaterialEditor:RenderStaticPreview (string,UnityEngine.Object[],int,int) (at /Users/bokken/build/output/unity/unity/Editor/Mono/Inspector/MaterialEditor.cs:2123)
UnityEditor.AssetPreviewUpdater:CreatePreview (UnityEngine.Object,UnityEngine.Object[],string,int,int) (at /Users/bokken/build/output/unity/unity/Editor/Mono/AssetPreviewUpdater.cs:38)
UnityEditor.AssetPreviewUpdater:CreatePreviewForAsset (UnityEngine.Object,UnityEngine.Object[],string) (at /Users/bokken/build/output/unity/unity/Editor/Mono/AssetPreviewUpdater.cs:9)

[/Users/bokken/build/output/unity/unity/Runtime/Export/Scripting/StackTrace.cs line 37]

Metal: Vertex or Fragment Shader "Hidden/VFX/vfxgraph_fire2 1/System/Output Particle Quad" requires a ComputeBuffer at index 4 to be bound, but none provided. Skipping draw calls to avoid crashing.
UnityEngine.StackTraceUtility:ExtractStackTrace () (at /Users/bokken/build/output/unity/unity/Runtime/Export/Scripting/StackTrace.cs:37)
UnityEngine.Rendering.ScriptableRenderContext:Submit_Internal ()
UnityEngine.Rendering.ScriptableRenderContext:Submit () (at /Users/bokken/build/output/unity/unity/Runtime/Export/RenderPipeline/ScriptableRenderContext.cs:110)
UnityEngine.Rendering.HighDefinition.HDRenderPipeline:Render (UnityEngine.Rendering.ScriptableRenderContext,System.Collections.Generic.List`1<UnityEngine.Camera>) (at Library/PackageCache/com.unity.render-pipelines.high-definition@12.1.8/Runtime/RenderPipeline/HDRenderPipeline.cs:1945)
UnityEngine.Rendering.RenderPipeline:InternalRender (UnityEngine.Rendering.ScriptableRenderContext,System.Collections.Generic.List`1<UnityEngine.Camera>) (at /Users/bokken/build/output/unity/unity/Runtime/Export/RenderPipeline/RenderPipeline.cs:51)
UnityEngine.Rendering.RenderPipelineManager:DoRenderLoop_Internal (UnityEngine.Rendering.RenderPipelineAsset,intptr,System.Collections.Generic.List`1<UnityEngine.Camera/RenderRequest>,Unity.Collections.LowLevel.Unsafe.AtomicSafetyHandle) (at /Users/bokken/build/output/unity/unity/Runtime/Export/RenderPipeline/RenderPipelineManager.cs:115)
UnityEditor.PreviewRenderUtility:Render (bool,bool) (at /Users/bokken/build/output/unity/unity/Editor/Mono/Inspector/PreviewRenderUtility.cs:534)
UnityEditor.MaterialEditor:DoRenderPreview (UnityEditor.PreviewRenderUtility,bool) (at /Users/bokken/build/output/unity/unity/Editor/Mono/Inspector/MaterialEditor.cs:2261)
UnityEditor.MaterialEditor:RenderStaticPreview (string,UnityEngine.Object[],int,int) (at /Users/bokken/build/output/unity/unity/Editor/Mono/Inspector/MaterialEditor.cs:2123)
UnityEditor.AssetPreviewUpdater:CreatePreview (UnityEngine.Object,UnityEngine.Object[],string,int,int) (at /Users/bokken/build/output/unity/unity/Editor/Mono/AssetPreviewUpdater.cs:38)
UnityEditor.AssetPreviewUpdater:CreatePreviewForAsset (UnityEngine.Object,UnityEngine.Object[],string) (at /Users/bokken/build/output/unity/unity/Editor/Mono/AssetPreviewUpdater.cs:9)

[/Users/bokken/build/output/unity/unity/Runtime/Export/Scripting/StackTrace.cs line 37]

 -> (artifact id: '74bf9e1b3da0a958f4a6a6d3a2a455e2') in 4.022860 seconds 
========================================================================
Received Import Request.
  Time since last request: 14.133136 seconds.
  path: Assets/DemoAssets/vfxgraph_fire.vfx
  artifactKey: Guid(9aeda5d58555b45409c9cf532389201b) Importer(815301076,1909f56bfc062723c751e8b465ee728b)
Start importing Assets/DemoAssets/vfxgraph_fire.vfx using Guid(9aeda5d58555b45409c9cf532389201b) Importer(815301076,1909f56bfc062723c751e8b465ee728b)  -> (artifact id: 'd03be4290ea877407ceba61b251d5d5a') in 0.069032 seconds 
========================================================================
Received Import Request.
  Time since last request: 41.152433 seconds.
  path: Assets/DemoAssets/vfxgraph_fire2.vfx
  artifactKey: Guid(6e9c4f7ee1f194833a078db7fbbac8d4) Importer(815301076,1909f56bfc062723c751e8b465ee728b)
Start importing Assets/DemoAssets/vfxgraph_fire2.vfx using Guid(6e9c4f7ee1f194833a078db7fbbac8d4) Importer(815301076,1909f56bfc062723c751e8b465ee728b)  -> (artifact id: '63252a8f25409ef002425354b2a267d4') in 5.928951 seconds 
========================================================================
Received Import Request.
  Time since last request: 3.834917 seconds.
  path: Assets/DemoAssets/vfxgraph_fire.vfx
  artifactKey: Guid(9aeda5d58555b45409c9cf532389201b) Importer(815301076,1909f56bfc062723c751e8b465ee728b)
Start importing Assets/DemoAssets/vfxgraph_fire.vfx using Guid(9aeda5d58555b45409c9cf532389201b) Importer(815301076,1909f56bfc062723c751e8b465ee728b)  -> (artifact id: 'e1e274b37916011b527f88bcccfc19fb') in 0.112287 seconds 
========================================================================
Received Import Request.
  Time since last request: 13.423627 seconds.
  path: Assets/DemoAssets/vfxgraph_fire.vfx
  artifactKey: Guid(9aeda5d58555b45409c9cf532389201b) Importer(815301076,1909f56bfc062723c751e8b465ee728b)
Start importing Assets/DemoAssets/vfxgraph_fire.vfx using Guid(9aeda5d58555b45409c9cf532389201b) Importer(815301076,1909f56bfc062723c751e8b465ee728b)  -> (artifact id: 'c4a00e40162bf0067e5a6fef468b0ba1') in 0.110733 seconds 
========================================================================
Received Import Request.
  Time since last request: 124.441836 seconds.
  path: Assets/DemoAssets/vfxgraph_fire.vfx
  artifactKey: Guid(9aeda5d58555b45409c9cf532389201b) Importer(815301076,1909f56bfc062723c751e8b465ee728b)
Start importing Assets/DemoAssets/vfxgraph_fire.vfx using Guid(9aeda5d58555b45409c9cf532389201b) Importer(815301076,1909f56bfc062723c751e8b465ee728b)  -> (artifact id: 'e2d4cc5bfe6a7caf90ee605921013adb') in 0.105957 seconds 
========================================================================
Received Import Request.
  Time since last request: 5.252221 seconds.
  path: Assets/DemoAssets/vfxgraph_fire.vfx
  artifactKey: Guid(9aeda5d58555b45409c9cf532389201b) Importer(815301076,1909f56bfc062723c751e8b465ee728b)
Start importing Assets/DemoAssets/vfxgraph_fire.vfx using Guid(9aeda5d58555b45409c9cf532389201b) Importer(815301076,1909f56bfc062723c751e8b465ee728b)  -> (artifact id: '9a264f02738bb02266771ffdd1aeec23') in 0.131152 seconds 
========================================================================
Received Import Request.
  Time since last request: 151.038750 seconds.
  path: Assets/DemoAssets/SimpleVFX.vfx
  artifactKey: Guid(6e61800ea229542219722d538dc5ed6e) Importer(815301076,1909f56bfc062723c751e8b465ee728b)
Start importing Assets/DemoAssets/SimpleVFX.vfx using Guid(6e61800ea229542219722d538dc5ed6e) Importer(815301076,1909f56bfc062723c751e8b465ee728b) Metal: Vertex or Fragment Shader "Hidden/VFX/SimpleVFX/System/Output Particle Quad" requires a ComputeBuffer at index 4 to be bound, but none provided. Skipping draw calls to avoid crashing.
UnityEngine.StackTraceUtility:ExtractStackTrace () (at /Users/bokken/build/output/unity/unity/Runtime/Export/Scripting/StackTrace.cs:37)
UnityEngine.Rendering.ScriptableRenderContext:Submit_Internal ()
UnityEngine.Rendering.ScriptableRenderContext:Submit () (at /Users/bokken/build/output/unity/unity/Runtime/Export/RenderPipeline/ScriptableRenderContext.cs:110)
UnityEngine.Rendering.HighDefinition.HDRenderPipeline:Render (UnityEngine.Rendering.ScriptableRenderContext,System.Collections.Generic.List`1<UnityEngine.Camera>) (at Library/PackageCache/com.unity.render-pipelines.high-definition@12.1.8/Runtime/RenderPipeline/HDRenderPipeline.cs:1945)
UnityEngine.Rendering.RenderPipeline:InternalRender (UnityEngine.Rendering.ScriptableRenderContext,System.Collections.Generic.List`1<UnityEngine.Camera>) (at /Users/bokken/build/output/unity/unity/Runtime/Export/RenderPipeline/RenderPipeline.cs:51)
UnityEngine.Rendering.RenderPipelineManager:DoRenderLoop_Internal (UnityEngine.Rendering.RenderPipelineAsset,intptr,System.Collections.Generic.List`1<UnityEngine.Camera/RenderRequest>,Unity.Collections.LowLevel.Unsafe.AtomicSafetyHandle) (at /Users/bokken/build/output/unity/unity/Runtime/Export/RenderPipeline/RenderPipelineManager.cs:115)
UnityEditor.PreviewRenderUtility:Render (bool,bool) (at /Users/bokken/build/output/unity/unity/Editor/Mono/Inspector/PreviewRenderUtility.cs:534)
UnityEditor.MaterialEditor:DoRenderPreview (UnityEditor.PreviewRenderUtility,bool) (at /Users/bokken/build/output/unity/unity/Editor/Mono/Inspector/MaterialEditor.cs:2261)
UnityEditor.MaterialEditor:RenderStaticPreview (string,UnityEngine.Object[],int,int) (at /Users/bokken/build/output/unity/unity/Editor/Mono/Inspector/MaterialEditor.cs:2123)
UnityEditor.AssetPreviewUpdater:CreatePreview (UnityEngine.Object,UnityEngine.Object[],string,int,int) (at /Users/bokken/build/output/unity/unity/Editor/Mono/AssetPreviewUpdater.cs:38)
UnityEditor.AssetPreviewUpdater:CreatePreviewForAsset (UnityEngine.Object,UnityEngine.Object[],string) (at /Users/bokken/build/output/unity/unity/Editor/Mono/AssetPreviewUpdater.cs:9)

[/Users/bokken/build/output/unity/unity/Runtime/Export/Scripting/StackTrace.cs line 37]

 -> (artifact id: 'd7192a1590c3311a81e8c0b75a5271d8') in 0.215998 seconds 
========================================================================
Received Import Request.
  Time since last request: 9.891321 seconds.
  path: Assets/DemoAssets/SimpleVFX.vfx
  artifactKey: Guid(6e61800ea229542219722d538dc5ed6e) Importer(815301076,1909f56bfc062723c751e8b465ee728b)
Start importing Assets/DemoAssets/SimpleVFX.vfx using Guid(6e61800ea229542219722d538dc5ed6e) Importer(815301076,1909f56bfc062723c751e8b465ee728b)  -> (artifact id: '43fde71050a675bce0be104f40ed5a09') in 0.041279 seconds 
========================================================================
Received Import Request.
  Time since last request: 5.964474 seconds.
  path: Assets/DemoAssets/SimpleVFX.vfx
  artifactKey: Guid(6e61800ea229542219722d538dc5ed6e) Importer(815301076,1909f56bfc062723c751e8b465ee728b)
Start importing Assets/DemoAssets/SimpleVFX.vfx using Guid(6e61800ea229542219722d538dc5ed6e) Importer(815301076,1909f56bfc062723c751e8b465ee728b)  -> (artifact id: '34341c820b16e244a919482c76230592') in 0.043212 seconds 
========================================================================
Received Import Request.
  Time since last request: 6.594655 seconds.
  path: Assets/DemoAssets/SimpleVFX.vfx
  artifactKey: Guid(6e61800ea229542219722d538dc5ed6e) Importer(815301076,1909f56bfc062723c751e8b465ee728b)
Start importing Assets/DemoAssets/SimpleVFX.vfx using Guid(6e61800ea229542219722d538dc5ed6e) Importer(815301076,1909f56bfc062723c751e8b465ee728b)  -> (artifact id: '82e75c6b50ab81711fc04657f660e472') in 0.047886 seconds 
========================================================================
Received Import Request.
  Time since last request: 51.007495 seconds.
  path: Assets/DemoAssets/SimpleVFX.vfx
  artifactKey: Guid(6e61800ea229542219722d538dc5ed6e) Importer(815301076,1909f56bfc062723c751e8b465ee728b)
Start importing Assets/DemoAssets/SimpleVFX.vfx using Guid(6e61800ea229542219722d538dc5ed6e) Importer(815301076,1909f56bfc062723c751e8b465ee728b)  -> (artifact id: 'e9b3b5ea9cc263b7b351f18a9c4344f4') in 0.030036 seconds 
========================================================================
Received Import Request.
  Time since last request: 93.460161 seconds.
  path: Assets/DemoAssets/SimpleVFX.vfx
  artifactKey: Guid(6e61800ea229542219722d538dc5ed6e) Importer(815301076,1909f56bfc062723c751e8b465ee728b)
Start importing Assets/DemoAssets/SimpleVFX.vfx using Guid(6e61800ea229542219722d538dc5ed6e) Importer(815301076,1909f56bfc062723c751e8b465ee728b)  -> (artifact id: '352e68ec062e41e5ce9f426d1a8db346') in 0.046283 seconds 
========================================================================
Received Import Request.
  Time since last request: 7.672011 seconds.
  path: Assets/DemoAssets/SimpleVFX.vfx
  artifactKey: Guid(6e61800ea229542219722d538dc5ed6e) Importer(815301076,1909f56bfc062723c751e8b465ee728b)
Start importing Assets/DemoAssets/SimpleVFX.vfx using Guid(6e61800ea229542219722d538dc5ed6e) Importer(815301076,1909f56bfc062723c751e8b465ee728b)  -> (artifact id: 'a03fb193133786bfee392ff59b26f9ae') in 0.034163 seconds 
========================================================================
Received Import Request.
  Time since last request: 16.982911 seconds.
  path: Assets/DemoAssets/SimpleVFX.vfx
  artifactKey: Guid(6e61800ea229542219722d538dc5ed6e) Importer(815301076,1909f56bfc062723c751e8b465ee728b)
Start importing Assets/DemoAssets/SimpleVFX.vfx using Guid(6e61800ea229542219722d538dc5ed6e) Importer(815301076,1909f56bfc062723c751e8b465ee728b)  -> (artifact id: '8fd9131e4032f16a22d55a2c02e1fb7d') in 0.032360 seconds 
========================================================================
Received Import Request.
  Time since last request: 66.993402 seconds.
  path: Assets/Materials/New Material.mat
  artifactKey: Guid(1dde2a4030cec48519ccdee86d9c6166) Importer(815301076,1909f56bfc062723c751e8b465ee728b)
Start importing Assets/Materials/New Material.mat using Guid(1dde2a4030cec48519ccdee86d9c6166) Importer(815301076,1909f56bfc062723c751e8b465ee728b)  -> (artifact id: '1e6696711e4db01bccd540a1a497b63b') in 0.188461 seconds 
========================================================================
Received Import Request.
  Time since last request: 11.249459 seconds.
  path: Assets/Materials/Purp.mat
  artifactKey: Guid(d8ab6a312586240f48b72e6be0e9d961) Importer(815301076,1909f56bfc062723c751e8b465ee728b)
Start importing Assets/Materials/Purp.mat using Guid(d8ab6a312586240f48b72e6be0e9d961) Importer(815301076,1909f56bfc062723c751e8b465ee728b)  -> (artifact id: '9b819d7ff389c3db14e1e64fa3f07168') in 0.171157 seconds 
========================================================================
Received Import Request.
  Time since last request: 314.894494 seconds.
  path: Assets/Materials/Purp.mat
  artifactKey: Guid(d8ab6a312586240f48b72e6be0e9d961) Importer(815301076,1909f56bfc062723c751e8b465ee728b)
Start importing Assets/Materials/Purp.mat using Guid(d8ab6a312586240f48b72e6be0e9d961) Importer(815301076,1909f56bfc062723c751e8b465ee728b)  -> (artifact id: '62b2d7225034d86c8d746196745d3484') in 3.095962 seconds 
========================================================================
Received Import Request.
  Time since last request: 2.560675 seconds.
  path: Assets/HDRPDefaultResources/DefaultSettingsVolumeProfile.asset
  artifactKey: Guid(62021aaa1224240ee9293de0734a57a3) Importer(815301076,1909f56bfc062723c751e8b465ee728b)
Start importing Assets/HDRPDefaultResources/DefaultSettingsVolumeProfile.asset using Guid(62021aaa1224240ee9293de0734a57a3) Importer(815301076,1909f56bfc062723c751e8b465ee728b)  -> (artifact id: 'd241fb853937de3080042a739591b708') in 0.230429 seconds 
========================================================================
Received Import Request.
  Time since last request: 0.812350 seconds.
  path: Assets/DemoAssets/SimpleVFX.vfx
  artifactKey: Guid(6e61800ea229542219722d538dc5ed6e) Importer(815301076,1909f56bfc062723c751e8b465ee728b)
Start importing Assets/DemoAssets/SimpleVFX.vfx using Guid(6e61800ea229542219722d538dc5ed6e) Importer(815301076,1909f56bfc062723c751e8b465ee728b)  -> (artifact id: 'feddf83dfd53eb261afc9d506c57eb60') in 0.044783 seconds 
========================================================================
Received Import Request.
  Time since last request: 429.095901 seconds.
  path: Assets/Materials/Purp 1.mat
  artifactKey: Guid(17b592b900a70479cb4dbcb6e529936b) Importer(815301076,1909f56bfc062723c751e8b465ee728b)
Start importing Assets/Materials/Purp 1.mat using Guid(17b592b900a70479cb4dbcb6e529936b) Importer(815301076,1909f56bfc062723c751e8b465ee728b)  -> (artifact id: '99b5be03e3ae6288f62a64d9421d389f') in 0.036109 seconds 
========================================================================
Received Import Request.
  Time since last request: 256.917114 seconds.
  path: Assets/Prefab/Fire (1).prefab
  artifactKey: Guid(029c1bb10bf2041b7a0e450534dea4d6) Importer(815301076,1909f56bfc062723c751e8b465ee728b)
Start importing Assets/Prefab/Fire (1).prefab using Guid(029c1bb10bf2041b7a0e450534dea4d6) Importer(815301076,1909f56bfc062723c751e8b465ee728b)  -> (artifact id: 'b986cf42dd68aff149ee2dd8cf6cd0c2') in 0.121084 seconds 
